[2025-06-24T12:20:17.377Z] ERROR: Authentication error:
{}
[2025-06-24T12:20:37.921Z] ERROR: Authentication error:
{}
[2025-06-27T09:09:32.766Z] ERROR: Error generating tokens:
{
  "code": "P2002",
  "meta": {
    "modelName": "RefreshToken",
    "target": [
      "token"
    ]
  },
  "clientVersion": "6.10.1",
  "name": "PrismaClientKnownRequestError"
}
[2025-06-27T09:09:32.766Z] ERROR: Refresh token error:
{
  "error": "AppError",
  "message": "Failed to generate authentication tokens",
  "code": "INTERNAL_ERROR",
  "statusCode": 500,
  "timestamp": "2025-06-27T09:09:32.766Z"
}
[2025-06-27T09:09:32.769Z] ERROR: Error generating tokens:
{
  "code": "P2002",
  "meta": {
    "modelName": "RefreshToken",
    "target": [
      "token"
    ]
  },
  "clientVersion": "6.10.1",
  "name": "PrismaClientKnownRequestError"
}
[2025-06-27T09:09:32.769Z] ERROR: Refresh token error:
{
  "error": "AppError",
  "message": "Failed to generate authentication tokens",
  "code": "INTERNAL_ERROR",
  "statusCode": 500,
  "timestamp": "2025-06-27T09:09:32.769Z"
}
[2025-06-27T09:09:32.772Z] ERROR: Error generating tokens:
{
  "code": "P2002",
  "meta": {
    "modelName": "RefreshToken",
    "target": [
      "token"
    ]
  },
  "clientVersion": "6.10.1",
  "name": "PrismaClientKnownRequestError"
}
[2025-06-27T09:09:32.773Z] ERROR: Error generating tokens:
{
  "code": "P2002",
  "meta": {
    "modelName": "RefreshToken",
    "target": [
      "token"
    ]
  },
  "clientVersion": "6.10.1",
  "name": "PrismaClientKnownRequestError"
}
[2025-06-27T09:09:32.773Z] ERROR: Refresh token error:
{
  "error": "AppError",
  "message": "Failed to generate authentication tokens",
  "code": "INTERNAL_ERROR",
  "statusCode": 500,
  "timestamp": "2025-06-27T09:09:32.773Z"
}
[2025-06-27T09:09:32.772Z] ERROR: Refresh token error:
{
  "error": "AppError",
  "message": "Failed to generate authentication tokens",
  "code": "INTERNAL_ERROR",
  "statusCode": 500,
  "timestamp": "2025-06-27T09:09:32.772Z"
}
[2025-06-27T09:32:40.695Z] ERROR: Error generating tokens:
{
  "code": "P2002",
  "meta": {
    "modelName": "RefreshToken",
    "target": [
      "token"
    ]
  },
  "clientVersion": "6.10.1",
  "name": "PrismaClientKnownRequestError"
}
[2025-06-27T09:32:40.696Z] ERROR: Refresh token error:
{
  "error": "AppError",
  "message": "Failed to generate authentication tokens",
  "code": "INTERNAL_ERROR",
  "statusCode": 500,
  "timestamp": "2025-06-27T09:32:40.696Z"
}
[2025-06-27T09:32:40.705Z] ERROR: Error generating tokens:
{
  "code": "P2002",
  "meta": {
    "modelName": "RefreshToken",
    "target": [
      "token"
    ]
  },
  "clientVersion": "6.10.1",
  "name": "PrismaClientKnownRequestError"
}
[2025-06-27T09:32:40.705Z] ERROR: Refresh token error:
{
  "error": "AppError",
  "message": "Failed to generate authentication tokens",
  "code": "INTERNAL_ERROR",
  "statusCode": 500,
  "timestamp": "2025-06-27T09:32:40.705Z"
}
[2025-06-27T09:32:40.707Z] ERROR: Error generating tokens:
{
  "code": "P2002",
  "meta": {
    "modelName": "RefreshToken",
    "target": [
      "token"
    ]
  },
  "clientVersion": "6.10.1",
  "name": "PrismaClientKnownRequestError"
}
[2025-06-27T09:32:40.707Z] ERROR: Refresh token error:
{
  "error": "AppError",
  "message": "Failed to generate authentication tokens",
  "code": "INTERNAL_ERROR",
  "statusCode": 500,
  "timestamp": "2025-06-27T09:32:40.707Z"
}
[2025-06-27T09:53:03.341Z] ERROR: Error generating tokens:
{
  "code": "P2002",
  "meta": {
    "modelName": "RefreshToken",
    "target": [
      "token"
    ]
  },
  "clientVersion": "6.10.1",
  "name": "PrismaClientKnownRequestError"
}
[2025-06-27T09:53:03.342Z] ERROR: Refresh token error:
{
  "error": "AppError",
  "message": "Failed to generate authentication tokens",
  "code": "INTERNAL_ERROR",
  "statusCode": 500,
  "timestamp": "2025-06-27T09:53:03.342Z"
}
[2025-06-27T09:53:03.345Z] ERROR: Error generating tokens:
{
  "code": "P2002",
  "meta": {
    "modelName": "RefreshToken",
    "target": [
      "token"
    ]
  },
  "clientVersion": "6.10.1",
  "name": "PrismaClientKnownRequestError"
}
[2025-06-27T09:53:03.345Z] ERROR: Refresh token error:
{
  "error": "AppError",
  "message": "Failed to generate authentication tokens",
  "code": "INTERNAL_ERROR",
  "statusCode": 500,
  "timestamp": "2025-06-27T09:53:03.345Z"
}
[2025-06-27T09:53:03.348Z] ERROR: Error generating tokens:
{
  "code": "P2002",
  "meta": {
    "modelName": "RefreshToken",
    "target": [
      "token"
    ]
  },
  "clientVersion": "6.10.1",
  "name": "PrismaClientKnownRequestError"
}
[2025-06-27T09:53:03.348Z] ERROR: Refresh token error:
{
  "error": "AppError",
  "message": "Failed to generate authentication tokens",
  "code": "INTERNAL_ERROR",
  "statusCode": 500,
  "timestamp": "2025-06-27T09:53:03.348Z"
}
[2025-06-27T10:10:15.192Z] ERROR: Error generating tokens:
{
  "code": "P2002",
  "meta": {
    "modelName": "RefreshToken",
    "target": [
      "token"
    ]
  },
  "clientVersion": "6.10.1",
  "name": "PrismaClientKnownRequestError"
}
[2025-06-27T10:10:15.193Z] ERROR: Refresh token error:
{
  "error": "AppError",
  "message": "Failed to generate authentication tokens",
  "code": "INTERNAL_ERROR",
  "statusCode": 500,
  "timestamp": "2025-06-27T10:10:15.193Z"
}
[2025-06-27T10:10:15.228Z] ERROR: Error generating tokens:
{
  "code": "P2002",
  "meta": {
    "modelName": "RefreshToken",
    "target": [
      "token"
    ]
  },
  "clientVersion": "6.10.1",
  "name": "PrismaClientKnownRequestError"
}
[2025-06-27T10:10:15.228Z] ERROR: Refresh token error:
{
  "error": "AppError",
  "message": "Failed to generate authentication tokens",
  "code": "INTERNAL_ERROR",
  "statusCode": 500,
  "timestamp": "2025-06-27T10:10:15.228Z"
}
[2025-06-27T10:10:15.290Z] ERROR: Error generating tokens:
{
  "code": "P2002",
  "meta": {
    "modelName": "RefreshToken",
    "target": [
      "token"
    ]
  },
  "clientVersion": "6.10.1",
  "name": "PrismaClientKnownRequestError"
}
[2025-06-27T10:10:15.290Z] ERROR: Refresh token error:
{
  "error": "AppError",
  "message": "Failed to generate authentication tokens",
  "code": "INTERNAL_ERROR",
  "statusCode": 500,
  "timestamp": "2025-06-27T10:10:15.290Z"
}
[2025-06-27T10:10:15.342Z] ERROR: Error generating tokens:
{
  "code": "P2002",
  "meta": {
    "modelName": "RefreshToken",
    "target": [
      "token"
    ]
  },
  "clientVersion": "6.10.1",
  "name": "PrismaClientKnownRequestError"
}
[2025-06-27T10:10:15.342Z] ERROR: Refresh token error:
{
  "error": "AppError",
  "message": "Failed to generate authentication tokens",
  "code": "INTERNAL_ERROR",
  "statusCode": 500,
  "timestamp": "2025-06-27T10:10:15.342Z"
}
[2025-06-27T10:10:15.389Z] ERROR: Error generating tokens:
{
  "code": "P2002",
  "meta": {
    "modelName": "RefreshToken",
    "target": [
      "token"
    ]
  },
  "clientVersion": "6.10.1",
  "name": "PrismaClientKnownRequestError"
}
[2025-06-27T10:10:15.389Z] ERROR: Refresh token error:
{
  "error": "AppError",
  "message": "Failed to generate authentication tokens",
  "code": "INTERNAL_ERROR",
  "statusCode": 500,
  "timestamp": "2025-06-27T10:10:15.389Z"
}
[2025-06-27T10:46:44.136Z] ERROR: Authentication error:
{}
[2025-06-27T10:46:44.141Z] ERROR: Authentication error:
{}
[2025-06-27T10:46:46.172Z] ERROR: Authentication error:
{}
